  [4;36;1mSQL (0.3ms)[0m   [0;1m SELECT name
 FROM sqlite_master
 WHERE type = 'table' AND NOT name = 'sqlite_sequence'
[0m
  [4;35;1mSQL (0.2ms)[0m   [0mselect sqlite_version(*)[0m
  [4;36;1mSQL (2.5ms)[0m   [0;1mCREATE TABLE "schema_migrations" ("version" varchar(255) NOT NULL) [0m
  [4;35;1mSQL (19.8ms)[0m   [0mCREATE UNIQUE INDEX "unique_schema_migrations" ON "schema_migrations" ("version")[0m
  [4;36;1mSQL (0.3ms)[0m   [0;1m SELECT name
 FROM sqlite_master
 WHERE type = 'table' AND NOT name = 'sqlite_sequence'
[0m
  [4;35;1mSQL (0.3ms)[0m   [0m SELECT name
 FROM sqlite_master
 WHERE type = 'table' AND NOT name = 'sqlite_sequence'
[0m
  [4;36;1mSQL (0.1ms)[0m   [0;1mSELECT version FROM schema_migrations[0m
  [4;35;1mSQL (0.1ms)[0m   [0m SELECT name
 FROM sqlite_master
 WHERE type = 'table' AND NOT name = 'sqlite_sequence'
[0m


Processing DashboardController#index (for 127.0.0.1 at 2010-04-16 14:24:52) [GET]
Rendering dashboard/index
Completed in 8ms (View: 6, DB: 0) | 200 OK [http://localhost/]


Processing DashboardController#index (for 127.0.0.1 at 2010-04-16 14:25:17) [GET]
Rendering dashboard/index
Completed in 7ms (View: 5, DB: 0) | 200 OK [http://localhost/]


Processing ApplicationController#index (for 127.0.0.1 at 2010-04-16 14:38:22) [GET]

ActionController::RoutingError (No route matches "/articles.rss" with {:method=>:get}):
  /Users/BobHanson/.rvm/rubies/ruby-1.8.7-p249/lib/ruby/1.8/webrick/httpserver.rb:104:in `service'
  /Users/BobHanson/.rvm/rubies/ruby-1.8.7-p249/lib/ruby/1.8/webrick/httpserver.rb:65:in `run'
  /Users/BobHanson/.rvm/rubies/ruby-1.8.7-p249/lib/ruby/1.8/webrick/server.rb:173:in `start_thread'
  /Users/BobHanson/.rvm/rubies/ruby-1.8.7-p249/lib/ruby/1.8/webrick/server.rb:162:in `start'
  /Users/BobHanson/.rvm/rubies/ruby-1.8.7-p249/lib/ruby/1.8/webrick/server.rb:162:in `start_thread'
  /Users/BobHanson/.rvm/rubies/ruby-1.8.7-p249/lib/ruby/1.8/webrick/server.rb:95:in `start'
  /Users/BobHanson/.rvm/rubies/ruby-1.8.7-p249/lib/ruby/1.8/webrick/server.rb:92:in `each'
  /Users/BobHanson/.rvm/rubies/ruby-1.8.7-p249/lib/ruby/1.8/webrick/server.rb:92:in `start'
  /Users/BobHanson/.rvm/rubies/ruby-1.8.7-p249/lib/ruby/1.8/webrick/server.rb:23:in `start'
  /Users/BobHanson/.rvm/rubies/ruby-1.8.7-p249/lib/ruby/1.8/webrick/server.rb:82:in `start'

Rendering rescues/layout (not_found)


Processing ApplicationController#index (for 127.0.0.1 at 2010-04-16 15:53:58) [GET]

ActionController::RoutingError (No route matches "/articles.rss" with {:method=>:get}):
  /Users/BobHanson/.rvm/rubies/ruby-1.8.7-p249/lib/ruby/1.8/webrick/httpserver.rb:104:in `service'
  /Users/BobHanson/.rvm/rubies/ruby-1.8.7-p249/lib/ruby/1.8/webrick/httpserver.rb:65:in `run'
  /Users/BobHanson/.rvm/rubies/ruby-1.8.7-p249/lib/ruby/1.8/webrick/server.rb:173:in `start_thread'
  /Users/BobHanson/.rvm/rubies/ruby-1.8.7-p249/lib/ruby/1.8/webrick/server.rb:162:in `start'
  /Users/BobHanson/.rvm/rubies/ruby-1.8.7-p249/lib/ruby/1.8/webrick/server.rb:162:in `start_thread'
  /Users/BobHanson/.rvm/rubies/ruby-1.8.7-p249/lib/ruby/1.8/webrick/server.rb:95:in `start'
  /Users/BobHanson/.rvm/rubies/ruby-1.8.7-p249/lib/ruby/1.8/webrick/server.rb:92:in `each'
  /Users/BobHanson/.rvm/rubies/ruby-1.8.7-p249/lib/ruby/1.8/webrick/server.rb:92:in `start'
  /Users/BobHanson/.rvm/rubies/ruby-1.8.7-p249/lib/ruby/1.8/webrick/server.rb:23:in `start'
  /Users/BobHanson/.rvm/rubies/ruby-1.8.7-p249/lib/ruby/1.8/webrick/server.rb:82:in `start'

Rendering rescues/layout (not_found)
